myHadoop: Setting MH_IPOIB_TRANSFORM='s/\([^.]*\).*$/\1.ibnet/' from myhadoop.conf
myHadoop: Setting MH_SCRATCH_DIR=/scratch/$USER/$SLURM_JOBID from myhadoop.conf
myHadoop: Using HADOOP_HOME=/opt/hadoop/2.6.0
myHadoop: Using MH_SCRATCH_DIR=/scratch/gshastri/21542132
myHadoop: Using JAVA_HOME=/usr/java/latest
myHadoop: Generating Hadoop configuration in directory in /home/gshastri/cometcluster...
myHadoop: Designating comet-04-40.ibnet as master node (namenode, secondary namenode, and jobtracker)
myHadoop: The following nodes will be slaves (datanode, tasktracer):
comet-04-40.ibnet
comet-04-41.ibnet
comet-04-43.ibnet
19/02/19 17:51:09 INFO namenode.NameNode: STARTUP_MSG: 
/************************************************************
STARTUP_MSG: Starting NameNode
STARTUP_MSG:   host = comet-04-40.sdsc.edu/198.202.118.78
STARTUP_MSG:   args = [-format]
STARTUP_MSG:   version = 2.6.0
STARTUP_MSG:   classpath = /home/gshastri/cometcluster:/opt/hadoop/2.6.0/share/hadoop/common/lib/guava-11.0.2.jar:/opt/hadoop/2.6.0/share/hadoop/common/lib/api-util-1.0.0-M20.jar:/opt/hadoop/2.6.0/share/hadoop/common/lib/hadoop-auth-2.6.0.jar:/opt/hadoop/2.6.0/share/hadoop/common/lib/protobuf-java-2.5.0.jar:/opt/hadoop/2.6.0/share/hadoop/common/lib/commons-math3-3.1.1.jar:/opt/hadoop/2.6.0/share/hadoop/common/lib/commons-lang-2.6.jar:/opt/hadoop/2.6.0/share/hadoop/common/lib/httpcore-4.2.5.jar:/opt/hadoop/2.6.0/share/hadoop/common/lib/xz-1.0.jar:/opt/hadoop/2.6.0/share/hadoop/common/lib/servlet-api-2.5.jar:/opt/hadoop/2.6.0/share/hadoop/common/lib/commons-beanutils-core-1.8.0.jar:/opt/hadoop/2.6.0/share/hadoop/common/lib/commons-el-1.0.jar:/opt/hadoop/2.6.0/share/hadoop/common/lib/stax-api-1.0-2.jar:/opt/hadoop/2.6.0/share/hadoop/common/lib/snappy-java-1.0.4.1.jar:/opt/hadoop/2.6.0/share/hadoop/common/lib/netty-3.6.2.Final.jar:/opt/hadoop/2.6.0/share/hadoop/common/lib/apacheds-i18n-2.0.0-M15.jar:/opt/hadoop/2.6.0/share/hadoop/common/lib/jsp-api-2.1.jar:/opt/hadoop/2.6.0/share/hadoop/common/lib/commons-logging-1.1.3.jar:/opt/hadoop/2.6.0/share/hadoop/common/lib/java-xmlbuilder-0.4.jar:/opt/hadoop/2.6.0/share/hadoop/common/lib/httpclient-4.2.5.jar:/opt/hadoop/2.6.0/share/hadoop/common/lib/commons-cli-1.2.jar:/opt/hadoop/2.6.0/share/hadoop/common/lib/mockito-all-1.8.5.jar:/opt/hadoop/2.6.0/share/hadoop/common/lib/log4j-1.2.17.jar:/opt/hadoop/2.6.0/share/hadoop/common/lib/jets3t-0.9.0.jar:/opt/hadoop/2.6.0/share/hadoop/common/lib/jackson-mapper-asl-1.9.13.jar:/opt/hadoop/2.6.0/share/hadoop/common/lib/commons-net-3.1.jar:/opt/hadoop/2.6.0/share/hadoop/common/lib/curator-client-2.6.0.jar:/opt/hadoop/2.6.0/share/hadoop/common/lib/curator-recipes-2.6.0.jar:/opt/hadoop/2.6.0/share/hadoop/common/lib/curator-framework-2.6.0.jar:/opt/hadoop/2.6.0/share/hadoop/common/lib/asm-3.2.jar:/opt/hadoop/2.6.0/share/hadoop/common/lib/jsch-0.1.42.jar:/opt/hadoop/2.6.0/share/hadoop/common/lib/zookeeper-3.4.6.jar:/opt/hadoop/2.6.0/share/hadoop/common/lib/avro-1.7.4.jar:/opt/hadoop/2.6.0/share/hadoop/common/lib/gson-2.2.4.jar:/opt/hadoop/2.6.0/share/hadoop/common/lib/hadoop-annotations-2.6.0.jar:/opt/hadoop/2.6.0/share/hadoop/common/lib/paranamer-2.3.jar:/opt/hadoop/2.6.0/share/hadoop/common/lib/jettison-1.1.jar:/opt/hadoop/2.6.0/share/hadoop/common/lib/jackson-xc-1.9.13.jar:/opt/hadoop/2.6.0/share/hadoop/common/lib/jackson-jaxrs-1.9.13.jar:/opt/hadoop/2.6.0/share/hadoop/common/lib/jaxb-impl-2.2.3-1.jar:/opt/hadoop/2.6.0/share/hadoop/common/lib/commons-compress-1.4.1.jar:/opt/hadoop/2.6.0/share/hadoop/common/lib/slf4j-api-1.7.5.jar:/opt/hadoop/2.6.0/share/hadoop/common/lib/jackson-core-asl-1.9.13.jar:/opt/hadoop/2.6.0/share/hadoop/common/lib/commons-codec-1.4.jar:/opt/hadoop/2.6.0/share/hadoop/common/lib/jasper-runtime-5.5.23.jar:/opt/hadoop/2.6.0/share/hadoop/common/lib/jaxb-api-2.2.2.jar:/opt/hadoop/2.6.0/share/hadoop/common/lib/htrace-core-3.0.4.jar:/opt/hadoop/2.6.0/share/hadoop/common/lib/jersey-server-1.9.jar:/opt/hadoop/2.6.0/share/hadoop/common/lib/jetty-util-6.1.26.jar:/opt/hadoop/2.6.0/share/hadoop/common/lib/hamcrest-core-1.3.jar:/opt/hadoop/2.6.0/share/hadoop/common/lib/apacheds-kerberos-codec-2.0.0-M15.jar:/opt/hadoop/2.6.0/share/hadoop/common/lib/xmlenc-0.52.jar:/opt/hadoop/2.6.0/share/hadoop/common/lib/commons-configuration-1.6.jar:/opt/hadoop/2.6.0/share/hadoop/common/lib/commons-io-2.4.jar:/opt/hadoop/2.6.0/share/hadoop/common/lib/commons-httpclient-3.1.jar:/opt/hadoop/2.6.0/share/hadoop/common/lib/slf4j-log4j12-1.7.5.jar:/opt/hadoop/2.6.0/share/hadoop/common/lib/junit-4.11.jar:/opt/hadoop/2.6.0/share/hadoop/common/lib/jersey-core-1.9.jar:/opt/hadoop/2.6.0/share/hadoop/common/lib/api-asn1-api-1.0.0-M20.jar:/opt/hadoop/2.6.0/share/hadoop/common/lib/jsr305-1.3.9.jar:/opt/hadoop/2.6.0/share/hadoop/common/lib/commons-digester-1.8.jar:/opt/hadoop/2.6.0/share/hadoop/common/lib/jasper-compiler-5.5.23.jar:/opt/hadoop/2.6.0/share/hadoop/common/lib/jetty-6.1.26.jar:/opt/hadoop/2.6.0/share/hadoop/common/lib/jersey-json-1.9.jar:/opt/hadoop/2.6.0/share/hadoop/common/lib/commons-collections-3.2.1.jar:/opt/hadoop/2.6.0/share/hadoop/common/lib/commons-beanutils-1.7.0.jar:/opt/hadoop/2.6.0/share/hadoop/common/lib/activation-1.1.jar:/opt/hadoop/2.6.0/share/hadoop/common/hadoop-common-2.6.0.jar:/opt/hadoop/2.6.0/share/hadoop/common/hadoop-common-2.6.0-tests.jar:/opt/hadoop/2.6.0/share/hadoop/common/hadoop-nfs-2.6.0.jar:/opt/hadoop/2.6.0/share/hadoop/hdfs:/opt/hadoop/2.6.0/share/hadoop/hdfs/lib/guava-11.0.2.jar:/opt/hadoop/2.6.0/share/hadoop/hdfs/lib/protobuf-java-2.5.0.jar:/opt/hadoop/2.6.0/share/hadoop/hdfs/lib/commons-lang-2.6.jar:/opt/hadoop/2.6.0/share/hadoop/hdfs/lib/commons-daemon-1.0.13.jar:/opt/hadoop/2.6.0/share/hadoop/hdfs/lib/servlet-api-2.5.jar:/opt/hadoop/2.6.0/share/hadoop/hdfs/lib/commons-el-1.0.jar:/opt/hadoop/2.6.0/share/hadoop/hdfs/lib/netty-3.6.2.Final.jar:/opt/hadoop/2.6.0/share/hadoop/hdfs/lib/jsp-api-2.1.jar:/opt/hadoop/2.6.0/share/hadoop/hdfs/lib/commons-logging-1.1.3.jar:/opt/hadoop/2.6.0/share/hadoop/hdfs/lib/commons-cli-1.2.jar:/opt/hadoop/2.6.0/share/hadoop/hdfs/lib/log4j-1.2.17.jar:/opt/hadoop/2.6.0/share/hadoop/hdfs/lib/jackson-mapper-asl-1.9.13.jar:/opt/hadoop/2.6.0/share/hadoop/hdfs/lib/xercesImpl-2.9.1.jar:/opt/hadoop/2.6.0/share/hadoop/hdfs/lib/asm-3.2.jar:/opt/hadoop/2.6.0/share/hadoop/hdfs/lib/xml-apis-1.3.04.jar:/opt/hadoop/2.6.0/share/hadoop/hdfs/lib/jackson-core-asl-1.9.13.jar:/opt/hadoop/2.6.0/share/hadoop/hdfs/lib/commons-codec-1.4.jar:/opt/hadoop/2.6.0/share/hadoop/hdfs/lib/jasper-runtime-5.5.23.jar:/opt/hadoop/2.6.0/share/hadoop/hdfs/lib/htrace-core-3.0.4.jar:/opt/hadoop/2.6.0/share/hadoop/hdfs/lib/jersey-server-1.9.jar:/opt/hadoop/2.6.0/share/hadoop/hdfs/lib/jetty-util-6.1.26.jar:/opt/hadoop/2.6.0/share/hadoop/hdfs/lib/xmlenc-0.52.jar:/opt/hadoop/2.6.0/share/hadoop/hdfs/lib/commons-io-2.4.jar:/opt/hadoop/2.6.0/share/hadoop/hdfs/lib/jersey-core-1.9.jar:/opt/hadoop/2.6.0/share/hadoop/hdfs/lib/jsr305-1.3.9.jar:/opt/hadoop/2.6.0/share/hadoop/hdfs/lib/jetty-6.1.26.jar:/opt/hadoop/2.6.0/share/hadoop/hdfs/hadoop-hdfs-2.6.0.jar:/opt/hadoop/2.6.0/share/hadoop/hdfs/hadoop-hdfs-nfs-2.6.0.jar:/opt/hadoop/2.6.0/share/hadoop/hdfs/hadoop-hdfs-2.6.0-tests.jar:/opt/hadoop/2.6.0/share/hadoop/yarn/lib/guava-11.0.2.jar:/opt/hadoop/2.6.0/share/hadoop/yarn/lib/protobuf-java-2.5.0.jar:/opt/hadoop/2.6.0/share/hadoop/yarn/lib/commons-lang-2.6.jar:/opt/hadoop/2.6.0/share/hadoop/yarn/lib/xz-1.0.jar:/opt/hadoop/2.6.0/share/hadoop/yarn/lib/servlet-api-2.5.jar:/opt/hadoop/2.6.0/share/hadoop/yarn/lib/stax-api-1.0-2.jar:/opt/hadoop/2.6.0/share/hadoop/yarn/lib/netty-3.6.2.Final.jar:/opt/hadoop/2.6.0/share/hadoop/yarn/lib/commons-logging-1.1.3.jar:/opt/hadoop/2.6.0/share/hadoop/yarn/lib/commons-cli-1.2.jar:/opt/hadoop/2.6.0/share/hadoop/yarn/lib/log4j-1.2.17.jar:/opt/hadoop/2.6.0/share/hadoop/yarn/lib/jackson-mapper-asl-1.9.13.jar:/opt/hadoop/2.6.0/share/hadoop/yarn/lib/leveldbjni-all-1.8.jar:/opt/hadoop/2.6.0/share/hadoop/yarn/lib/jersey-client-1.9.jar:/opt/hadoop/2.6.0/share/hadoop/yarn/lib/asm-3.2.jar:/opt/hadoop/2.6.0/share/hadoop/yarn/lib/zookeeper-3.4.6.jar:/opt/hadoop/2.6.0/share/hadoop/yarn/lib/jline-0.9.94.jar:/opt/hadoop/2.6.0/share/hadoop/yarn/lib/jettison-1.1.jar:/opt/hadoop/2.6.0/share/hadoop/yarn/lib/jackson-xc-1.9.13.jar:/opt/hadoop/2.6.0/share/hadoop/yarn/lib/jackson-jaxrs-1.9.13.jar:/opt/hadoop/2.6.0/share/hadoop/yarn/lib/jaxb-impl-2.2.3-1.jar:/opt/hadoop/2.6.0/share/hadoop/yarn/lib/commons-compress-1.4.1.jar:/opt/hadoop/2.6.0/share/hadoop/yarn/lib/jackson-core-asl-1.9.13.jar:/opt/hadoop/2.6.0/share/hadoop/yarn/lib/commons-codec-1.4.jar:/opt/hadoop/2.6.0/share/hadoop/yarn/lib/javax.inject-1.jar:/opt/hadoop/2.6.0/share/hadoop/yarn/lib/aopalliance-1.0.jar:/opt/hadoop/2.6.0/share/hadoop/yarn/lib/jaxb-api-2.2.2.jar:/opt/hadoop/2.6.0/share/hadoop/yarn/lib/jersey-server-1.9.jar:/opt/hadoop/2.6.0/share/hadoop/yarn/lib/jetty-util-6.1.26.jar:/opt/hadoop/2.6.0/share/hadoop/yarn/lib/commons-io-2.4.jar:/opt/hadoop/2.6.0/share/hadoop/yarn/lib/commons-httpclient-3.1.jar:/opt/hadoop/2.6.0/share/hadoop/yarn/lib/guice-3.0.jar:/opt/hadoop/2.6.0/share/hadoop/yarn/lib/jersey-core-1.9.jar:/opt/hadoop/2.6.0/share/hadoop/yarn/lib/jsr305-1.3.9.jar:/opt/hadoop/2.6.0/share/hadoop/yarn/lib/guice-servlet-3.0.jar:/opt/hadoop/2.6.0/share/hadoop/yarn/lib/jetty-6.1.26.jar:/opt/hadoop/2.6.0/share/hadoop/yarn/lib/jersey-guice-1.9.jar:/opt/hadoop/2.6.0/share/hadoop/yarn/lib/jersey-json-1.9.jar:/opt/hadoop/2.6.0/share/hadoop/yarn/lib/commons-collections-3.2.1.jar:/opt/hadoop/2.6.0/share/hadoop/yarn/lib/activation-1.1.jar:/opt/hadoop/2.6.0/share/hadoop/yarn/hadoop-yarn-server-web-proxy-2.6.0.jar:/opt/hadoop/2.6.0/share/hadoop/yarn/hadoop-yarn-server-resourcemanager-2.6.0.jar:/opt/hadoop/2.6.0/share/hadoop/yarn/hadoop-yarn-api-2.6.0.jar:/opt/hadoop/2.6.0/share/hadoop/yarn/hadoop-yarn-server-applicationhistoryservice-2.6.0.jar:/opt/hadoop/2.6.0/share/hadoop/yarn/hadoop-yarn-client-2.6.0.jar:/opt/hadoop/2.6.0/share/hadoop/yarn/hadoop-yarn-applications-distributedshell-2.6.0.jar:/opt/hadoop/2.6.0/share/hadoop/yarn/hadoop-yarn-server-nodemanager-2.6.0.jar:/opt/hadoop/2.6.0/share/hadoop/yarn/hadoop-yarn-server-tests-2.6.0.jar:/opt/hadoop/2.6.0/share/hadoop/yarn/hadoop-yarn-common-2.6.0.jar:/opt/hadoop/2.6.0/share/hadoop/yarn/hadoop-yarn-applications-unmanaged-am-launcher-2.6.0.jar:/opt/hadoop/2.6.0/share/hadoop/yarn/hadoop-yarn-server-common-2.6.0.jar:/opt/hadoop/2.6.0/share/hadoop/yarn/hadoop-yarn-registry-2.6.0.jar:/opt/hadoop/2.6.0/share/hadoop/mapreduce/lib/protobuf-java-2.5.0.jar:/opt/hadoop/2.6.0/share/hadoop/mapreduce/lib/xz-1.0.jar:/opt/hadoop/2.6.0/share/hadoop/mapreduce/lib/snappy-java-1.0.4.1.jar:/opt/hadoop/2.6.0/share/hadoop/mapreduce/lib/netty-3.6.2.Final.jar:/opt/hadoop/2.6.0/share/hadoop/mapreduce/lib/log4j-1.2.17.jar:/opt/hadoop/2.6.0/share/hadoop/mapreduce/lib/jackson-mapper-asl-1.9.13.jar:/opt/hadoop/2.6.0/share/hadoop/mapreduce/lib/leveldbjni-all-1.8.jar:/opt/hadoop/2.6.0/share/hadoop/mapreduce/lib/asm-3.2.jar:/opt/hadoop/2.6.0/share/hadoop/mapreduce/lib/avro-1.7.4.jar:/opt/hadoop/2.6.0/share/hadoop/mapreduce/lib/hadoop-annotations-2.6.0.jar:/opt/hadoop/2.6.0/share/hadoop/mapreduce/lib/paranamer-2.3.jar:/opt/hadoop/2.6.0/share/hadoop/mapreduce/lib/commons-compress-1.4.1.jar:/opt/hadoop/2.6.0/share/hadoop/mapreduce/lib/jackson-core-asl-1.9.13.jar:/opt/hadoop/2.6.0/share/hadoop/mapreduce/lib/javax.inject-1.jar:/opt/hadoop/2.6.0/share/hadoop/mapreduce/lib/aopalliance-1.0.jar:/opt/hadoop/2.6.0/share/hadoop/mapreduce/lib/jersey-server-1.9.jar:/opt/hadoop/2.6.0/share/hadoop/mapreduce/lib/hamcrest-core-1.3.jar:/opt/hadoop/2.6.0/share/hadoop/mapreduce/lib/commons-io-2.4.jar:/opt/hadoop/2.6.0/share/hadoop/mapreduce/lib/guice-3.0.jar:/opt/hadoop/2.6.0/share/hadoop/mapreduce/lib/junit-4.11.jar:/opt/hadoop/2.6.0/share/hadoop/mapreduce/lib/jersey-core-1.9.jar:/opt/hadoop/2.6.0/share/hadoop/mapreduce/lib/guice-servlet-3.0.jar:/opt/hadoop/2.6.0/share/hadoop/mapreduce/lib/jersey-guice-1.9.jar:/opt/hadoop/2.6.0/share/hadoop/mapreduce/hadoop-mapreduce-client-hs-2.6.0.jar:/opt/hadoop/2.6.0/share/hadoop/mapreduce/hadoop-mapreduce-client-app-2.6.0.jar:/opt/hadoop/2.6.0/share/hadoop/mapreduce/hadoop-mapreduce-client-core-2.6.0.jar:/opt/hadoop/2.6.0/share/hadoop/mapreduce/hadoop-mapreduce-client-hs-plugins-2.6.0.jar:/opt/hadoop/2.6.0/share/hadoop/mapreduce/hadoop-mapreduce-client-jobclient-2.6.0-tests.jar:/opt/hadoop/2.6.0/share/hadoop/mapreduce/hadoop-mapreduce-client-jobclient-2.6.0.jar:/opt/hadoop/2.6.0/share/hadoop/mapreduce/hadoop-mapreduce-examples-2.6.0.jar:/opt/hadoop/2.6.0/share/hadoop/mapreduce/hadoop-mapreduce-client-common-2.6.0.jar:/opt/hadoop/2.6.0/share/hadoop/mapreduce/hadoop-mapreduce-client-shuffle-2.6.0.jar:/opt/hadoop/2.6.0/contrib/capacity-scheduler/*.jar
STARTUP_MSG:   build = https://git-wip-us.apache.org/repos/asf/hadoop.git -r e3496499ecb8d220fba99dc5ed4c99c8f9e33bb1; compiled by 'jenkins' on 2014-11-13T21:10Z
STARTUP_MSG:   java = 1.8.0_60
************************************************************/
19/02/19 17:51:09 INFO namenode.NameNode: registered UNIX signal handlers for [TERM, HUP, INT]
19/02/19 17:51:09 INFO namenode.NameNode: createNameNode [-format]
19/02/19 17:51:09 WARN util.NativeCodeLoader: Unable to load native-hadoop library for your platform... using builtin-java classes where applicable
19/02/19 17:51:09 WARN common.Util: Path /scratch/gshastri/21542132/namenode_data should be specified as a URI in configuration files. Please update hdfs configuration.
19/02/19 17:51:09 WARN common.Util: Path /scratch/gshastri/21542132/namenode_data should be specified as a URI in configuration files. Please update hdfs configuration.
Formatting using clusterid: CID-7a2cfeab-9717-42dc-a386-8dbfaf5e69c6
19/02/19 17:51:09 INFO namenode.FSNamesystem: No KeyProvider found.
19/02/19 17:51:09 INFO namenode.FSNamesystem: fsLock is fair:true
19/02/19 17:51:09 INFO blockmanagement.DatanodeManager: dfs.block.invalidate.limit=1000
19/02/19 17:51:09 INFO blockmanagement.DatanodeManager: dfs.namenode.datanode.registration.ip-hostname-check=true
19/02/19 17:51:09 INFO blockmanagement.BlockManager: dfs.namenode.startup.delay.block.deletion.sec is set to 000:00:00:00.000
19/02/19 17:51:09 INFO blockmanagement.BlockManager: The block deletion will start around 2019 Feb 19 17:51:09
19/02/19 17:51:09 INFO util.GSet: Computing capacity for map BlocksMap
19/02/19 17:51:09 INFO util.GSet: VM type       = 64-bit
19/02/19 17:51:09 INFO util.GSet: 2.0% max memory 958.5 MB = 19.2 MB
19/02/19 17:51:09 INFO util.GSet: capacity      = 2^21 = 2097152 entries
19/02/19 17:51:10 INFO blockmanagement.BlockManager: dfs.block.access.token.enable=false
19/02/19 17:51:10 INFO blockmanagement.BlockManager: defaultReplication         = 3
19/02/19 17:51:10 INFO blockmanagement.BlockManager: maxReplication             = 512
19/02/19 17:51:10 INFO blockmanagement.BlockManager: minReplication             = 1
19/02/19 17:51:10 INFO blockmanagement.BlockManager: maxReplicationStreams      = 2
19/02/19 17:51:10 INFO blockmanagement.BlockManager: shouldCheckForEnoughRacks  = false
19/02/19 17:51:10 INFO blockmanagement.BlockManager: replicationRecheckInterval = 3000
19/02/19 17:51:10 INFO blockmanagement.BlockManager: encryptDataTransfer        = false
19/02/19 17:51:10 INFO blockmanagement.BlockManager: maxNumBlocksToLog          = 1000
19/02/19 17:51:10 INFO namenode.FSNamesystem: fsOwner             = gshastri (auth:SIMPLE)
19/02/19 17:51:10 INFO namenode.FSNamesystem: supergroup          = supergroup
19/02/19 17:51:10 INFO namenode.FSNamesystem: isPermissionEnabled = true
19/02/19 17:51:10 INFO namenode.FSNamesystem: HA Enabled: false
19/02/19 17:51:10 INFO namenode.FSNamesystem: Append Enabled: true
19/02/19 17:51:10 INFO util.GSet: Computing capacity for map INodeMap
19/02/19 17:51:10 INFO util.GSet: VM type       = 64-bit
19/02/19 17:51:10 INFO util.GSet: 1.0% max memory 958.5 MB = 9.6 MB
19/02/19 17:51:10 INFO util.GSet: capacity      = 2^20 = 1048576 entries
19/02/19 17:51:10 INFO namenode.NameNode: Caching file names occuring more than 10 times
19/02/19 17:51:10 INFO util.GSet: Computing capacity for map cachedBlocks
19/02/19 17:51:10 INFO util.GSet: VM type       = 64-bit
19/02/19 17:51:10 INFO util.GSet: 0.25% max memory 958.5 MB = 2.4 MB
19/02/19 17:51:10 INFO util.GSet: capacity      = 2^18 = 262144 entries
19/02/19 17:51:10 INFO namenode.FSNamesystem: dfs.namenode.safemode.threshold-pct = 0.9990000128746033
19/02/19 17:51:10 INFO namenode.FSNamesystem: dfs.namenode.safemode.min.datanodes = 0
19/02/19 17:51:10 INFO namenode.FSNamesystem: dfs.namenode.safemode.extension     = 30000
19/02/19 17:51:10 INFO namenode.FSNamesystem: Retry cache on namenode is enabled
19/02/19 17:51:10 INFO namenode.FSNamesystem: Retry cache will use 0.03 of total heap and retry cache entry expiry time is 600000 millis
19/02/19 17:51:10 INFO util.GSet: Computing capacity for map NameNodeRetryCache
19/02/19 17:51:10 INFO util.GSet: VM type       = 64-bit
19/02/19 17:51:10 INFO util.GSet: 0.029999999329447746% max memory 958.5 MB = 294.5 KB
19/02/19 17:51:10 INFO util.GSet: capacity      = 2^15 = 32768 entries
19/02/19 17:51:10 INFO namenode.NNConf: ACLs enabled? false
19/02/19 17:51:10 INFO namenode.NNConf: XAttrs enabled? true
19/02/19 17:51:10 INFO namenode.NNConf: Maximum size of an xattr: 16384
19/02/19 17:51:10 INFO namenode.FSImage: Allocated new BlockPoolId: BP-296457249-198.202.118.78-1550627470562
19/02/19 17:51:10 INFO common.Storage: Storage directory /scratch/gshastri/21542132/namenode_data has been successfully formatted.
19/02/19 17:51:10 INFO namenode.NNStorageRetentionManager: Going to retain 1 images with txid >= 0
19/02/19 17:51:10 INFO util.ExitUtil: Exiting with status 0
19/02/19 17:51:10 INFO namenode.NameNode: SHUTDOWN_MSG: 
/************************************************************
SHUTDOWN_MSG: Shutting down NameNode at comet-04-40.sdsc.edu/198.202.118.78
************************************************************/
19/02/19 17:51:11 WARN util.NativeCodeLoader: Unable to load native-hadoop library for your platform... using builtin-java classes where applicable
Starting namenodes on [comet-04-40.ibnet]
comet-04-40.ibnet: starting namenode, logging to /scratch/gshastri/21542132/logs/hadoop-gshastri-namenode-comet-04-40.sdsc.edu.out
comet-04-40.ibnet: starting datanode, logging to /scratch/gshastri/21542132/logs/hadoop-gshastri-datanode-comet-04-40.sdsc.edu.out
comet-04-41.ibnet: starting datanode, logging to /scratch/gshastri/21542132/logs/hadoop-gshastri-datanode-comet-04-41.sdsc.edu.out
comet-04-43.ibnet: starting datanode, logging to /scratch/gshastri/21542132/logs/hadoop-gshastri-datanode-comet-04-43.sdsc.edu.out
Starting secondary namenodes [comet-04-40.ibnet]
comet-04-40.ibnet: starting secondarynamenode, logging to /scratch/gshastri/21542132/logs/hadoop-gshastri-secondarynamenode-comet-04-40.sdsc.edu.out
19/02/19 17:51:27 WARN util.NativeCodeLoader: Unable to load native-hadoop library for your platform... using builtin-java classes where applicable
starting yarn daemons
starting resourcemanager, logging to /scratch/gshastri/21542132/logs/yarn-gshastri-resourcemanager-comet-04-40.out
comet-04-41.ibnet: starting nodemanager, logging to /scratch/gshastri/21542132/logs/yarn-gshastri-nodemanager-comet-04-41.sdsc.edu.out
comet-04-43.ibnet: starting nodemanager, logging to /scratch/gshastri/21542132/logs/yarn-gshastri-nodemanager-comet-04-43.sdsc.edu.out
comet-04-40.ibnet: starting nodemanager, logging to /scratch/gshastri/21542132/logs/yarn-gshastri-nodemanager-comet-04-40.sdsc.edu.out
19/02/19 17:51:30 WARN util.NativeCodeLoader: Unable to load native-hadoop library for your platform... using builtin-java classes where applicable
19/02/19 17:51:31 WARN util.NativeCodeLoader: Unable to load native-hadoop library for your platform... using builtin-java classes where applicable
19/02/19 17:51:34 WARN util.NativeCodeLoader: Unable to load native-hadoop library for your platform... using builtin-java classes where applicable
19/02/19 17:51:35 INFO client.RMProxy: Connecting to ResourceManager at comet-04-40.ibnet/10.22.254.255:8032
19/02/19 17:51:35 WARN mapreduce.JobSubmitter: Hadoop command-line option parsing not performed. Implement the Tool interface and execute your application with ToolRunner to remedy this.
19/02/19 17:51:35 INFO input.FileInputFormat: Total input paths to process : 1
19/02/19 17:51:35 INFO mapreduce.JobSubmitter: number of splits:1
19/02/19 17:51:35 INFO mapreduce.JobSubmitter: Submitting tokens for job: job_1550627488499_0001
19/02/19 17:51:35 INFO impl.YarnClientImpl: Submitted application application_1550627488499_0001
19/02/19 17:51:36 INFO mapreduce.Job: The url to track the job: http://comet-04-40.ibnet:8088/proxy/application_1550627488499_0001/
19/02/19 17:51:36 INFO mapreduce.Job: Running job: job_1550627488499_0001
19/02/19 17:51:41 INFO mapreduce.Job: Job job_1550627488499_0001 running in uber mode : false
19/02/19 17:51:41 INFO mapreduce.Job:  map 0% reduce 0%
19/02/19 17:51:51 INFO mapreduce.Job:  map 2% reduce 0%
19/02/19 17:51:54 INFO mapreduce.Job:  map 3% reduce 0%
19/02/19 17:51:57 INFO mapreduce.Job:  map 4% reduce 0%
19/02/19 17:52:00 INFO mapreduce.Job:  map 5% reduce 0%
19/02/19 17:52:04 INFO mapreduce.Job:  map 7% reduce 0%
19/02/19 17:52:07 INFO mapreduce.Job:  map 8% reduce 0%
19/02/19 17:52:10 INFO mapreduce.Job:  map 9% reduce 0%
19/02/19 17:52:13 INFO mapreduce.Job:  map 10% reduce 0%
19/02/19 17:52:16 INFO mapreduce.Job:  map 11% reduce 0%
19/02/19 17:52:19 INFO mapreduce.Job:  map 12% reduce 0%
19/02/19 17:52:22 INFO mapreduce.Job:  map 13% reduce 0%
19/02/19 17:52:25 INFO mapreduce.Job:  map 14% reduce 0%
19/02/19 17:52:28 INFO mapreduce.Job:  map 15% reduce 0%
19/02/19 17:52:31 INFO mapreduce.Job:  map 16% reduce 0%
19/02/19 17:52:34 INFO mapreduce.Job:  map 18% reduce 0%
19/02/19 17:52:37 INFO mapreduce.Job:  map 19% reduce 0%
19/02/19 17:52:40 INFO mapreduce.Job:  map 20% reduce 0%
19/02/19 17:52:43 INFO mapreduce.Job:  map 21% reduce 0%
19/02/19 17:52:46 INFO mapreduce.Job:  map 22% reduce 0%
19/02/19 17:52:49 INFO mapreduce.Job:  map 23% reduce 0%
19/02/19 17:52:52 INFO mapreduce.Job:  map 24% reduce 0%
19/02/19 17:52:55 INFO mapreduce.Job:  map 25% reduce 0%
19/02/19 17:52:58 INFO mapreduce.Job:  map 26% reduce 0%
19/02/19 17:53:01 INFO mapreduce.Job:  map 27% reduce 0%
19/02/19 17:53:04 INFO mapreduce.Job:  map 28% reduce 0%
19/02/19 17:53:07 INFO mapreduce.Job:  map 29% reduce 0%
19/02/19 17:53:11 INFO mapreduce.Job:  map 31% reduce 0%
19/02/19 17:53:14 INFO mapreduce.Job:  map 32% reduce 0%
19/02/19 17:53:17 INFO mapreduce.Job:  map 33% reduce 0%
19/02/19 17:53:20 INFO mapreduce.Job:  map 34% reduce 0%
19/02/19 17:53:23 INFO mapreduce.Job:  map 35% reduce 0%
19/02/19 17:53:26 INFO mapreduce.Job:  map 36% reduce 0%
19/02/19 17:53:29 INFO mapreduce.Job:  map 37% reduce 0%
19/02/19 17:53:32 INFO mapreduce.Job:  map 38% reduce 0%
19/02/19 17:53:35 INFO mapreduce.Job:  map 39% reduce 0%
19/02/19 17:53:38 INFO mapreduce.Job:  map 41% reduce 0%
19/02/19 17:53:41 INFO mapreduce.Job:  map 42% reduce 0%
19/02/19 17:53:44 INFO mapreduce.Job:  map 43% reduce 0%
19/02/19 17:53:47 INFO mapreduce.Job:  map 44% reduce 0%
19/02/19 17:53:50 INFO mapreduce.Job:  map 45% reduce 0%
19/02/19 17:53:53 INFO mapreduce.Job:  map 46% reduce 0%
19/02/19 17:53:56 INFO mapreduce.Job:  map 47% reduce 0%
19/02/19 17:53:59 INFO mapreduce.Job:  map 48% reduce 0%
19/02/19 17:54:02 INFO mapreduce.Job:  map 49% reduce 0%
19/02/19 17:54:05 INFO mapreduce.Job:  map 50% reduce 0%
19/02/19 17:54:08 INFO mapreduce.Job:  map 51% reduce 0%
19/02/19 17:54:11 INFO mapreduce.Job:  map 53% reduce 0%
19/02/19 17:54:14 INFO mapreduce.Job:  map 54% reduce 0%
19/02/19 17:54:17 INFO mapreduce.Job:  map 55% reduce 0%
19/02/19 17:54:21 INFO mapreduce.Job:  map 56% reduce 0%
19/02/19 17:54:24 INFO mapreduce.Job:  map 57% reduce 0%
19/02/19 17:54:27 INFO mapreduce.Job:  map 58% reduce 0%
19/02/19 17:54:30 INFO mapreduce.Job:  map 59% reduce 0%
19/02/19 17:54:33 INFO mapreduce.Job:  map 61% reduce 0%
19/02/19 17:54:36 INFO mapreduce.Job:  map 62% reduce 0%
19/02/19 17:54:39 INFO mapreduce.Job:  map 63% reduce 0%
19/02/19 17:54:42 INFO mapreduce.Job:  map 64% reduce 0%
19/02/19 17:54:45 INFO mapreduce.Job:  map 65% reduce 0%
19/02/19 17:54:48 INFO mapreduce.Job:  map 66% reduce 0%
19/02/19 17:54:51 INFO mapreduce.Job:  map 67% reduce 0%
19/02/19 17:54:54 INFO mapreduce.Job:  map 77% reduce 0%
19/02/19 17:54:57 INFO mapreduce.Job:  map 100% reduce 0%
19/02/19 17:55:08 INFO mapreduce.Job:  map 100% reduce 100%
19/02/19 17:55:08 INFO mapreduce.Job: Job job_1550627488499_0001 completed successfully
19/02/19 17:55:08 INFO mapreduce.Job: Counters: 49
	File System Counters
		FILE: Number of bytes read=360000030
		FILE: Number of bytes written=541618223
		FILE: Number of read operations=0
		FILE: Number of large read operations=0
		FILE: Number of write operations=0
		HDFS: Number of bytes read=140791979
		HDFS: Number of bytes written=12598982
		HDFS: Number of read operations=6
		HDFS: Number of large read operations=0
		HDFS: Number of write operations=2
	Job Counters 
		Launched map tasks=1
		Launched reduce tasks=1
		Data-local map tasks=1
		Total time spent by all maps in occupied slots (ms)=194501
		Total time spent by all reduces in occupied slots (ms)=7809
		Total time spent by all map tasks (ms)=194501
		Total time spent by all reduce tasks (ms)=7809
		Total vcore-seconds taken by all map tasks=194501
		Total vcore-seconds taken by all reduce tasks=7809
		Total megabyte-seconds taken by all map tasks=199169024
		Total megabyte-seconds taken by all reduce tasks=7996416
	Map-Reduce Framework
		Map input records=10000000
		Map output records=10000000
		Map output bytes=160000000
		Map output materialized bytes=180000006
		Input split bytes=125
		Combine input records=0
		Combine output records=0
		Reduce input groups=519797
		Reduce shuffle bytes=180000006
		Reduce input records=10000000
		Reduce output records=519797
		Spilled Records=30000000
		Shuffled Maps =1
		Failed Shuffles=0
		Merged Map outputs=1
		GC time elapsed (ms)=6383
		CPU time spent (ms)=263700
		Physical memory (bytes) snapshot=460238848
		Virtual memory (bytes) snapshot=4333993984
		Total committed heap usage (bytes)=310902784
	Shuffle Errors
		BAD_ID=0
		CONNECTION=0
		IO_ERROR=0
		WRONG_LENGTH=0
		WRONG_MAP=0
		WRONG_REDUCE=0
	File Input Format Counters 
		Bytes Read=140791854
	File Output Format Counters 
		Bytes Written=12598982
19/02/19 17:55:08 INFO mapreduce.Job: Running job: job_1550627488499_0001
19/02/19 17:55:08 INFO mapreduce.Job: Job job_1550627488499_0001 running in uber mode : false
19/02/19 17:55:08 INFO mapreduce.Job:  map 100% reduce 100%
19/02/19 17:55:08 INFO mapreduce.Job: Job job_1550627488499_0001 completed successfully
19/02/19 17:55:08 INFO mapreduce.Job: Counters: 49
	File System Counters
		FILE: Number of bytes read=360000030
		FILE: Number of bytes written=541618223
		FILE: Number of read operations=0
		FILE: Number of large read operations=0
		FILE: Number of write operations=0
		HDFS: Number of bytes read=140791979
		HDFS: Number of bytes written=12598982
		HDFS: Number of read operations=6
		HDFS: Number of large read operations=0
		HDFS: Number of write operations=2
	Job Counters 
		Launched map tasks=1
		Launched reduce tasks=1
		Data-local map tasks=1
		Total time spent by all maps in occupied slots (ms)=194501
		Total time spent by all reduces in occupied slots (ms)=7809
		Total time spent by all map tasks (ms)=194501
		Total time spent by all reduce tasks (ms)=7809
		Total vcore-seconds taken by all map tasks=194501
		Total vcore-seconds taken by all reduce tasks=7809
		Total megabyte-seconds taken by all map tasks=199169024
		Total megabyte-seconds taken by all reduce tasks=7996416
	Map-Reduce Framework
		Map input records=10000000
		Map output records=10000000
		Map output bytes=160000000
		Map output materialized bytes=180000006
		Input split bytes=125
		Combine input records=0
		Combine output records=0
		Reduce input groups=519797
		Reduce shuffle bytes=180000006
		Reduce input records=10000000
		Reduce output records=519797
		Spilled Records=30000000
		Shuffled Maps =1
		Failed Shuffles=0
		Merged Map outputs=1
		GC time elapsed (ms)=6383
		CPU time spent (ms)=263700
		Physical memory (bytes) snapshot=460238848
		Virtual memory (bytes) snapshot=4333993984
		Total committed heap usage (bytes)=310902784
	Shuffle Errors
		BAD_ID=0
		CONNECTION=0
		IO_ERROR=0
		WRONG_LENGTH=0
		WRONG_MAP=0
		WRONG_REDUCE=0
	File Input Format Counters 
		Bytes Read=140791854
	File Output Format Counters 
		Bytes Written=12598982
19/02/19 17:55:08 INFO client.RMProxy: Connecting to ResourceManager at comet-04-40.ibnet/10.22.254.255:8032
19/02/19 17:55:08 WARN mapreduce.JobSubmitter: Hadoop command-line option parsing not performed. Implement the Tool interface and execute your application with ToolRunner to remedy this.
19/02/19 17:55:08 INFO input.FileInputFormat: Total input paths to process : 1
19/02/19 17:55:08 INFO mapreduce.JobSubmitter: number of splits:1
19/02/19 17:55:08 INFO mapreduce.JobSubmitter: Submitting tokens for job: job_1550627488499_0002
19/02/19 17:55:08 INFO impl.YarnClientImpl: Submitted application application_1550627488499_0002
19/02/19 17:55:08 INFO mapreduce.Job: The url to track the job: http://comet-04-40.ibnet:8088/proxy/application_1550627488499_0002/
19/02/19 17:55:08 INFO mapreduce.Job: Running job: job_1550627488499_0002
19/02/19 17:55:12 INFO mapreduce.Job: Job job_1550627488499_0002 running in uber mode : false
19/02/19 17:55:12 INFO mapreduce.Job:  map 0% reduce 0%
19/02/19 17:55:22 INFO mapreduce.Job:  map 39% reduce 0%
19/02/19 17:55:25 INFO mapreduce.Job:  map 60% reduce 0%
19/02/19 17:55:26 INFO mapreduce.Job:  map 100% reduce 0%
19/02/19 17:55:31 INFO mapreduce.Job:  map 100% reduce 100%
19/02/19 17:55:32 INFO mapreduce.Job: Job job_1550627488499_0002 completed successfully
19/02/19 17:55:32 INFO mapreduce.Job: Counters: 49
	File System Counters
		FILE: Number of bytes read=9356352
		FILE: Number of bytes written=18924617
		FILE: Number of read operations=0
		FILE: Number of large read operations=0
		FILE: Number of write operations=0
		HDFS: Number of bytes read=12599130
		HDFS: Number of bytes written=2017
		HDFS: Number of read operations=7
		HDFS: Number of large read operations=0
		HDFS: Number of write operations=2
	Job Counters 
		Launched map tasks=1
		Launched reduce tasks=1
		Data-local map tasks=1
		Total time spent by all maps in occupied slots (ms)=12104
		Total time spent by all reduces in occupied slots (ms)=2386
		Total time spent by all map tasks (ms)=12104
		Total time spent by all reduce tasks (ms)=2386
		Total vcore-seconds taken by all map tasks=12104
		Total vcore-seconds taken by all reduce tasks=2386
		Total megabyte-seconds taken by all map tasks=12394496
		Total megabyte-seconds taken by all reduce tasks=2443264
	Map-Reduce Framework
		Map input records=519797
		Map output records=519797
		Map output bytes=8316752
		Map output materialized bytes=9356352
		Input split bytes=148
		Combine input records=0
		Combine output records=0
		Reduce input groups=291
		Reduce shuffle bytes=9356352
		Reduce input records=519797
		Reduce output records=291
		Spilled Records=1039594
		Shuffled Maps =1
		Failed Shuffles=0
		Merged Map outputs=1
		GC time elapsed (ms)=456
		CPU time spent (ms)=18320
		Physical memory (bytes) snapshot=484913152
		Virtual memory (bytes) snapshot=4337049600
		Total committed heap usage (bytes)=347602944
	Shuffle Errors
		BAD_ID=0
		CONNECTION=0
		IO_ERROR=0
		WRONG_LENGTH=0
		WRONG_MAP=0
		WRONG_REDUCE=0
	File Input Format Counters 
		Bytes Read=12598982
	File Output Format Counters 
		Bytes Written=2017
19/02/19 17:55:33 WARN util.NativeCodeLoader: Unable to load native-hadoop library for your platform... using builtin-java classes where applicable
stopping yarn daemons
stopping resourcemanager
comet-04-41.ibnet: stopping nodemanager
comet-04-41.ibnet: nodemanager did not stop gracefully after 5 seconds: killing with kill -9
comet-04-43.ibnet: stopping nodemanager
comet-04-43.ibnet: nodemanager did not stop gracefully after 5 seconds: killing with kill -9
comet-04-40.ibnet: stopping nodemanager
comet-04-40.ibnet: nodemanager did not stop gracefully after 5 seconds: killing with kill -9
no proxyserver to stop
19/02/19 17:55:45 WARN util.NativeCodeLoader: Unable to load native-hadoop library for your platform... using builtin-java classes where applicable
Stopping namenodes on [comet-04-40.ibnet]
comet-04-40.ibnet: stopping namenode
comet-04-41.ibnet: stopping datanode
comet-04-43.ibnet: stopping datanode
comet-04-40.ibnet: stopping datanode
Stopping secondary namenodes [comet-04-40.ibnet]
comet-04-40.ibnet: stopping secondarynamenode
19/02/19 17:56:04 WARN util.NativeCodeLoader: Unable to load native-hadoop library for your platform... using builtin-java classes where applicable
Copying Hadoop logs back to /home/gshastri/cometcluster/logs...
`/scratch/gshastri/21542132/logs' -> `/home/gshastri/cometcluster/logs'
`/scratch/gshastri/21542132/logs/yarn-gshastri-resourcemanager-comet-04-40.out' -> `/home/gshastri/cometcluster/logs/yarn-gshastri-resourcemanager-comet-04-40.out'
`/scratch/gshastri/21542132/logs/hadoop-gshastri-datanode-comet-04-40.sdsc.edu.out' -> `/home/gshastri/cometcluster/logs/hadoop-gshastri-datanode-comet-04-40.sdsc.edu.out'
`/scratch/gshastri/21542132/logs/userlogs' -> `/home/gshastri/cometcluster/logs/userlogs'
`/scratch/gshastri/21542132/logs/userlogs/application_1550627488499_0001' -> `/home/gshastri/cometcluster/logs/userlogs/application_1550627488499_0001'
`/scratch/gshastri/21542132/logs/userlogs/application_1550627488499_0001/container_1550627488499_0001_01_000003' -> `/home/gshastri/cometcluster/logs/userlogs/application_1550627488499_0001/container_1550627488499_0001_01_000003'
`/scratch/gshastri/21542132/logs/userlogs/application_1550627488499_0001/container_1550627488499_0001_01_000003/stderr' -> `/home/gshastri/cometcluster/logs/userlogs/application_1550627488499_0001/container_1550627488499_0001_01_000003/stderr'
`/scratch/gshastri/21542132/logs/userlogs/application_1550627488499_0001/container_1550627488499_0001_01_000003/syslog' -> `/home/gshastri/cometcluster/logs/userlogs/application_1550627488499_0001/container_1550627488499_0001_01_000003/syslog'
`/scratch/gshastri/21542132/logs/userlogs/application_1550627488499_0001/container_1550627488499_0001_01_000003/stdout' -> `/home/gshastri/cometcluster/logs/userlogs/application_1550627488499_0001/container_1550627488499_0001_01_000003/stdout'
`/scratch/gshastri/21542132/logs/userlogs/application_1550627488499_0002' -> `/home/gshastri/cometcluster/logs/userlogs/application_1550627488499_0002'
`/scratch/gshastri/21542132/logs/userlogs/application_1550627488499_0002/container_1550627488499_0002_01_000001' -> `/home/gshastri/cometcluster/logs/userlogs/application_1550627488499_0002/container_1550627488499_0002_01_000001'
`/scratch/gshastri/21542132/logs/userlogs/application_1550627488499_0002/container_1550627488499_0002_01_000001/stdout' -> `/home/gshastri/cometcluster/logs/userlogs/application_1550627488499_0002/container_1550627488499_0002_01_000001/stdout'
`/scratch/gshastri/21542132/logs/userlogs/application_1550627488499_0002/container_1550627488499_0002_01_000001/syslog' -> `/home/gshastri/cometcluster/logs/userlogs/application_1550627488499_0002/container_1550627488499_0002_01_000001/syslog'
`/scratch/gshastri/21542132/logs/userlogs/application_1550627488499_0002/container_1550627488499_0002_01_000001/stderr' -> `/home/gshastri/cometcluster/logs/userlogs/application_1550627488499_0002/container_1550627488499_0002_01_000001/stderr'
`/scratch/gshastri/21542132/logs/hadoop-gshastri-secondarynamenode-comet-04-40.sdsc.edu.log' -> `/home/gshastri/cometcluster/logs/hadoop-gshastri-secondarynamenode-comet-04-40.sdsc.edu.log'
`/scratch/gshastri/21542132/logs/yarn-gshastri-nodemanager-comet-04-40.sdsc.edu.out' -> `/home/gshastri/cometcluster/logs/yarn-gshastri-nodemanager-comet-04-40.sdsc.edu.out'
`/scratch/gshastri/21542132/logs/hadoop-gshastri-namenode-comet-04-40.sdsc.edu.out' -> `/home/gshastri/cometcluster/logs/hadoop-gshastri-namenode-comet-04-40.sdsc.edu.out'
`/scratch/gshastri/21542132/logs/yarn-gshastri-nodemanager-comet-04-40.sdsc.edu.log' -> `/home/gshastri/cometcluster/logs/yarn-gshastri-nodemanager-comet-04-40.sdsc.edu.log'
`/scratch/gshastri/21542132/logs/hadoop-gshastri-namenode-comet-04-40.sdsc.edu.log' -> `/home/gshastri/cometcluster/logs/hadoop-gshastri-namenode-comet-04-40.sdsc.edu.log'
`/scratch/gshastri/21542132/logs/SecurityAuth-gshastri.audit' -> `/home/gshastri/cometcluster/logs/SecurityAuth-gshastri.audit'
`/scratch/gshastri/21542132/logs/hadoop-gshastri-secondarynamenode-comet-04-40.sdsc.edu.out' -> `/home/gshastri/cometcluster/logs/hadoop-gshastri-secondarynamenode-comet-04-40.sdsc.edu.out'
`/scratch/gshastri/21542132/logs/hadoop-gshastri-datanode-comet-04-40.sdsc.edu.log' -> `/home/gshastri/cometcluster/logs/hadoop-gshastri-datanode-comet-04-40.sdsc.edu.log'
`/scratch/gshastri/21542132/logs/yarn-gshastri-resourcemanager-comet-04-40.log' -> `/home/gshastri/cometcluster/logs/yarn-gshastri-resourcemanager-comet-04-40.log'
removed directory: `/scratch/gshastri/21542132/mapred_scratch/usercache/gshastri/filecache'
removed directory: `/scratch/gshastri/21542132/mapred_scratch/usercache/gshastri/appcache'
removed directory: `/scratch/gshastri/21542132/mapred_scratch/usercache/gshastri'
removed directory: `/scratch/gshastri/21542132/mapred_scratch/usercache'
removed directory: `/scratch/gshastri/21542132/mapred_scratch/nmPrivate'
removed directory: `/scratch/gshastri/21542132/mapred_scratch/filecache'
removed directory: `/scratch/gshastri/21542132/mapred_scratch'
removed `/scratch/gshastri/21542132/tmp/dfs/namesecondary/current/fsimage_0000000000000000000.md5'
removed `/scratch/gshastri/21542132/tmp/dfs/namesecondary/current/VERSION'
removed `/scratch/gshastri/21542132/tmp/dfs/namesecondary/current/fsimage_0000000000000000063.md5'
removed `/scratch/gshastri/21542132/tmp/dfs/namesecondary/current/edits_0000000000000000001-0000000000000000063'
removed `/scratch/gshastri/21542132/tmp/dfs/namesecondary/current/fsimage_0000000000000000000'
removed `/scratch/gshastri/21542132/tmp/dfs/namesecondary/current/fsimage_0000000000000000063'
removed directory: `/scratch/gshastri/21542132/tmp/dfs/namesecondary/current'
removed directory: `/scratch/gshastri/21542132/tmp/dfs/namesecondary'
removed directory: `/scratch/gshastri/21542132/tmp/dfs'
removed directory: `/scratch/gshastri/21542132/tmp'
removed `/scratch/gshastri/21542132/namenode_data/current/VERSION'
removed `/scratch/gshastri/21542132/namenode_data/current/seen_txid'
removed `/scratch/gshastri/21542132/namenode_data/current/fsimage_0000000000000000000.md5'
removed `/scratch/gshastri/21542132/namenode_data/current/edits_inprogress_0000000000000000064'
removed `/scratch/gshastri/21542132/namenode_data/current/fsimage_0000000000000000063.md5'
removed `/scratch/gshastri/21542132/namenode_data/current/fsimage_0000000000000000063'
removed `/scratch/gshastri/21542132/namenode_data/current/fsimage_0000000000000000000'
removed `/scratch/gshastri/21542132/namenode_data/current/edits_0000000000000000001-0000000000000000063'
removed directory: `/scratch/gshastri/21542132/namenode_data/current'
removed directory: `/scratch/gshastri/21542132/namenode_data'
removed `/scratch/gshastri/21542132/hdfs_data/current/VERSION'
removed `/scratch/gshastri/21542132/hdfs_data/current/BP-296457249-198.202.118.78-1550627470562/current/dfsUsed'
removed `/scratch/gshastri/21542132/hdfs_data/current/BP-296457249-198.202.118.78-1550627470562/current/finalized/subdir0/subdir0/blk_1073741844_1020.meta'
removed `/scratch/gshastri/21542132/hdfs_data/current/BP-296457249-198.202.118.78-1550627470562/current/finalized/subdir0/subdir0/blk_1073741835'
removed `/scratch/gshastri/21542132/hdfs_data/current/BP-296457249-198.202.118.78-1550627470562/current/finalized/subdir0/subdir0/blk_1073741843_1019.meta'
removed `/scratch/gshastri/21542132/hdfs_data/current/BP-296457249-198.202.118.78-1550627470562/current/finalized/subdir0/subdir0/blk_1073741826'
removed `/scratch/gshastri/21542132/hdfs_data/current/BP-296457249-198.202.118.78-1550627470562/current/finalized/subdir0/subdir0/blk_1073741845'
removed `/scratch/gshastri/21542132/hdfs_data/current/BP-296457249-198.202.118.78-1550627470562/current/finalized/subdir0/subdir0/blk_1073741835_1011.meta'
removed `/scratch/gshastri/21542132/hdfs_data/current/BP-296457249-198.202.118.78-1550627470562/current/finalized/subdir0/subdir0/blk_1073741836'
removed `/scratch/gshastri/21542132/hdfs_data/current/BP-296457249-198.202.118.78-1550627470562/current/finalized/subdir0/subdir0/blk_1073741826_1002.meta'
removed `/scratch/gshastri/21542132/hdfs_data/current/BP-296457249-198.202.118.78-1550627470562/current/finalized/subdir0/subdir0/blk_1073741834_1010.meta'
removed `/scratch/gshastri/21542132/hdfs_data/current/BP-296457249-198.202.118.78-1550627470562/current/finalized/subdir0/subdir0/blk_1073741825'
removed `/scratch/gshastri/21542132/hdfs_data/current/BP-296457249-198.202.118.78-1550627470562/current/finalized/subdir0/subdir0/blk_1073741845_1021.meta'
removed `/scratch/gshastri/21542132/hdfs_data/current/BP-296457249-198.202.118.78-1550627470562/current/finalized/subdir0/subdir0/blk_1073741846'
removed `/scratch/gshastri/21542132/hdfs_data/current/BP-296457249-198.202.118.78-1550627470562/current/finalized/subdir0/subdir0/blk_1073741844'
removed `/scratch/gshastri/21542132/hdfs_data/current/BP-296457249-198.202.118.78-1550627470562/current/finalized/subdir0/subdir0/blk_1073741836_1012.meta'
removed `/scratch/gshastri/21542132/hdfs_data/current/BP-296457249-198.202.118.78-1550627470562/current/finalized/subdir0/subdir0/blk_1073741843'
removed `/scratch/gshastri/21542132/hdfs_data/current/BP-296457249-198.202.118.78-1550627470562/current/finalized/subdir0/subdir0/blk_1073741834'
removed `/scratch/gshastri/21542132/hdfs_data/current/BP-296457249-198.202.118.78-1550627470562/current/finalized/subdir0/subdir0/blk_1073741846_1022.meta'
removed `/scratch/gshastri/21542132/hdfs_data/current/BP-296457249-198.202.118.78-1550627470562/current/finalized/subdir0/subdir0/blk_1073741825_1001.meta'
removed directory: `/scratch/gshastri/21542132/hdfs_data/current/BP-296457249-198.202.118.78-1550627470562/current/finalized/subdir0/subdir0'
removed directory: `/scratch/gshastri/21542132/hdfs_data/current/BP-296457249-198.202.118.78-1550627470562/current/finalized/subdir0'
removed directory: `/scratch/gshastri/21542132/hdfs_data/current/BP-296457249-198.202.118.78-1550627470562/current/finalized'
removed directory: `/scratch/gshastri/21542132/hdfs_data/current/BP-296457249-198.202.118.78-1550627470562/current/rbw'
removed `/scratch/gshastri/21542132/hdfs_data/current/BP-296457249-198.202.118.78-1550627470562/current/VERSION'
removed directory: `/scratch/gshastri/21542132/hdfs_data/current/BP-296457249-198.202.118.78-1550627470562/current'
removed directory: `/scratch/gshastri/21542132/hdfs_data/current/BP-296457249-198.202.118.78-1550627470562/tmp'
removed `/scratch/gshastri/21542132/hdfs_data/current/BP-296457249-198.202.118.78-1550627470562/dncp_block_verification.log.prev'
removed `/scratch/gshastri/21542132/hdfs_data/current/BP-296457249-198.202.118.78-1550627470562/dncp_block_verification.log.curr'
removed directory: `/scratch/gshastri/21542132/hdfs_data/current/BP-296457249-198.202.118.78-1550627470562'
removed directory: `/scratch/gshastri/21542132/hdfs_data/current'
removed directory: `/scratch/gshastri/21542132/hdfs_data'
removed directory: `/scratch/gshastri/21542132/pids'
removed `/scratch/gshastri/21542132/logs/yarn-gshastri-resourcemanager-comet-04-40.out'
removed `/scratch/gshastri/21542132/logs/hadoop-gshastri-datanode-comet-04-40.sdsc.edu.out'
removed `/scratch/gshastri/21542132/logs/userlogs/application_1550627488499_0001/container_1550627488499_0001_01_000003/stderr'
removed `/scratch/gshastri/21542132/logs/userlogs/application_1550627488499_0001/container_1550627488499_0001_01_000003/syslog'
removed `/scratch/gshastri/21542132/logs/userlogs/application_1550627488499_0001/container_1550627488499_0001_01_000003/stdout'
removed directory: `/scratch/gshastri/21542132/logs/userlogs/application_1550627488499_0001/container_1550627488499_0001_01_000003'
removed directory: `/scratch/gshastri/21542132/logs/userlogs/application_1550627488499_0001'
removed `/scratch/gshastri/21542132/logs/userlogs/application_1550627488499_0002/container_1550627488499_0002_01_000001/stdout'
removed `/scratch/gshastri/21542132/logs/userlogs/application_1550627488499_0002/container_1550627488499_0002_01_000001/syslog'
removed `/scratch/gshastri/21542132/logs/userlogs/application_1550627488499_0002/container_1550627488499_0002_01_000001/stderr'
removed directory: `/scratch/gshastri/21542132/logs/userlogs/application_1550627488499_0002/container_1550627488499_0002_01_000001'
removed directory: `/scratch/gshastri/21542132/logs/userlogs/application_1550627488499_0002'
removed directory: `/scratch/gshastri/21542132/logs/userlogs'
removed `/scratch/gshastri/21542132/logs/hadoop-gshastri-secondarynamenode-comet-04-40.sdsc.edu.log'
removed `/scratch/gshastri/21542132/logs/yarn-gshastri-nodemanager-comet-04-40.sdsc.edu.out'
removed `/scratch/gshastri/21542132/logs/hadoop-gshastri-namenode-comet-04-40.sdsc.edu.out'
removed `/scratch/gshastri/21542132/logs/yarn-gshastri-nodemanager-comet-04-40.sdsc.edu.log'
removed `/scratch/gshastri/21542132/logs/hadoop-gshastri-namenode-comet-04-40.sdsc.edu.log'
removed `/scratch/gshastri/21542132/logs/SecurityAuth-gshastri.audit'
removed `/scratch/gshastri/21542132/logs/hadoop-gshastri-secondarynamenode-comet-04-40.sdsc.edu.out'
removed `/scratch/gshastri/21542132/logs/hadoop-gshastri-datanode-comet-04-40.sdsc.edu.log'
removed `/scratch/gshastri/21542132/logs/yarn-gshastri-resourcemanager-comet-04-40.log'
removed directory: `/scratch/gshastri/21542132/logs'
removed directory: `/scratch/gshastri/21542132/mapred_scratch/filecache'
removed directory: `/scratch/gshastri/21542132/mapred_scratch/nmPrivate'
removed directory: `/scratch/gshastri/21542132/mapred_scratch/usercache/gshastri/filecache'
removed directory: `/scratch/gshastri/21542132/mapred_scratch/usercache/gshastri/appcache'
removed directory: `/scratch/gshastri/21542132/mapred_scratch/usercache/gshastri'
removed directory: `/scratch/gshastri/21542132/mapred_scratch/usercache'
removed directory: `/scratch/gshastri/21542132/mapred_scratch'
removed `/scratch/gshastri/21542132/hdfs_data/current/BP-296457249-198.202.118.78-1550627470562/dncp_block_verification.log.curr'
removed directory: `/scratch/gshastri/21542132/hdfs_data/current/BP-296457249-198.202.118.78-1550627470562/tmp'
removed `/scratch/gshastri/21542132/hdfs_data/current/BP-296457249-198.202.118.78-1550627470562/current/finalized/subdir0/subdir0/blk_1073741845_1021.meta'
removed `/scratch/gshastri/21542132/hdfs_data/current/BP-296457249-198.202.118.78-1550627470562/current/finalized/subdir0/subdir0/blk_1073741845'
removed `/scratch/gshastri/21542132/hdfs_data/current/BP-296457249-198.202.118.78-1550627470562/current/finalized/subdir0/subdir0/blk_1073741835'
removed `/scratch/gshastri/21542132/hdfs_data/current/BP-296457249-198.202.118.78-1550627470562/current/finalized/subdir0/subdir0/blk_1073741826_1002.meta'
removed `/scratch/gshastri/21542132/hdfs_data/current/BP-296457249-198.202.118.78-1550627470562/current/finalized/subdir0/subdir0/blk_1073741834_1010.meta'
removed `/scratch/gshastri/21542132/hdfs_data/current/BP-296457249-198.202.118.78-1550627470562/current/finalized/subdir0/subdir0/blk_1073741826'
removed `/scratch/gshastri/21542132/hdfs_data/current/BP-296457249-198.202.118.78-1550627470562/current/finalized/subdir0/subdir0/blk_1073741846'
removed `/scratch/gshastri/21542132/hdfs_data/current/BP-296457249-198.202.118.78-1550627470562/current/finalized/subdir0/subdir0/blk_1073741835_1011.meta'
removed `/scratch/gshastri/21542132/hdfs_data/current/BP-296457249-198.202.118.78-1550627470562/current/finalized/subdir0/subdir0/blk_1073741844_1020.meta'
removed `/scratch/gshastri/21542132/hdfs_data/current/BP-296457249-198.202.118.78-1550627470562/current/finalized/subdir0/subdir0/blk_1073741836'
removed `/scratch/gshastri/21542132/hdfs_data/current/BP-296457249-198.202.118.78-1550627470562/current/finalized/subdir0/subdir0/blk_1073741843_1019.meta'
removed `/scratch/gshastri/21542132/hdfs_data/current/BP-296457249-198.202.118.78-1550627470562/current/finalized/subdir0/subdir0/blk_1073741825'
removed `/scratch/gshastri/21542132/hdfs_data/current/BP-296457249-198.202.118.78-1550627470562/current/finalized/subdir0/subdir0/blk_1073741825_1001.meta'
removed `/scratch/gshastri/21542132/hdfs_data/current/BP-296457249-198.202.118.78-1550627470562/current/finalized/subdir0/subdir0/blk_1073741834'
removed `/scratch/gshastri/21542132/hdfs_data/current/BP-296457249-198.202.118.78-1550627470562/current/finalized/subdir0/subdir0/blk_1073741843'
removed `/scratch/gshastri/21542132/hdfs_data/current/BP-296457249-198.202.118.78-1550627470562/current/finalized/subdir0/subdir0/blk_1073741844'
removed `/scratch/gshastri/21542132/hdfs_data/current/BP-296457249-198.202.118.78-1550627470562/current/finalized/subdir0/subdir0/blk_1073741846_1022.meta'
removed `/scratch/gshastri/21542132/hdfs_data/current/BP-296457249-198.202.118.78-1550627470562/current/finalized/subdir0/subdir0/blk_1073741836_1012.meta'
removed directory: `/scratch/gshastri/21542132/hdfs_data/current/BP-296457249-198.202.118.78-1550627470562/current/finalized/subdir0/subdir0'
removed directory: `/scratch/gshastri/21542132/hdfs_data/current/BP-296457249-198.202.118.78-1550627470562/current/finalized/subdir0'
removed directory: `/scratch/gshastri/21542132/hdfs_data/current/BP-296457249-198.202.118.78-1550627470562/current/finalized'
removed `/scratch/gshastri/21542132/hdfs_data/current/BP-296457249-198.202.118.78-1550627470562/current/dfsUsed'
removed `/scratch/gshastri/21542132/hdfs_data/current/BP-296457249-198.202.118.78-1550627470562/current/VERSION'
removed directory: `/scratch/gshastri/21542132/hdfs_data/current/BP-296457249-198.202.118.78-1550627470562/current/rbw'
removed directory: `/scratch/gshastri/21542132/hdfs_data/current/BP-296457249-198.202.118.78-1550627470562/current'
removed `/scratch/gshastri/21542132/hdfs_data/current/BP-296457249-198.202.118.78-1550627470562/dncp_block_verification.log.prev'
removed directory: `/scratch/gshastri/21542132/hdfs_data/current/BP-296457249-198.202.118.78-1550627470562'
removed `/scratch/gshastri/21542132/hdfs_data/current/VERSION'
removed directory: `/scratch/gshastri/21542132/hdfs_data/current'
removed directory: `/scratch/gshastri/21542132/hdfs_data'
removed directory: `/scratch/gshastri/21542132/pids'
removed `/scratch/gshastri/21542132/logs/yarn-gshastri-nodemanager-comet-04-41.sdsc.edu.out'
removed `/scratch/gshastri/21542132/logs/hadoop-gshastri-datanode-comet-04-41.sdsc.edu.out'
removed `/scratch/gshastri/21542132/logs/SecurityAuth-gshastri.audit'
removed `/scratch/gshastri/21542132/logs/userlogs/application_1550627488499_0002/container_1550627488499_0002_01_000002/syslog'
removed `/scratch/gshastri/21542132/logs/userlogs/application_1550627488499_0002/container_1550627488499_0002_01_000002/stdout'
removed `/scratch/gshastri/21542132/logs/userlogs/application_1550627488499_0002/container_1550627488499_0002_01_000002/stderr'
removed directory: `/scratch/gshastri/21542132/logs/userlogs/application_1550627488499_0002/container_1550627488499_0002_01_000002'
removed `/scratch/gshastri/21542132/logs/userlogs/application_1550627488499_0002/container_1550627488499_0002_01_000003/syslog'
removed `/scratch/gshastri/21542132/logs/userlogs/application_1550627488499_0002/container_1550627488499_0002_01_000003/stdout'
removed `/scratch/gshastri/21542132/logs/userlogs/application_1550627488499_0002/container_1550627488499_0002_01_000003/stderr'
removed directory: `/scratch/gshastri/21542132/logs/userlogs/application_1550627488499_0002/container_1550627488499_0002_01_000003'
removed directory: `/scratch/gshastri/21542132/logs/userlogs/application_1550627488499_0002'
removed `/scratch/gshastri/21542132/logs/userlogs/application_1550627488499_0001/container_1550627488499_0001_01_000002/syslog'
removed `/scratch/gshastri/21542132/logs/userlogs/application_1550627488499_0001/container_1550627488499_0001_01_000002/stdout'
removed `/scratch/gshastri/21542132/logs/userlogs/application_1550627488499_0001/container_1550627488499_0001_01_000002/stderr'
removed directory: `/scratch/gshastri/21542132/logs/userlogs/application_1550627488499_0001/container_1550627488499_0001_01_000002'
removed directory: `/scratch/gshastri/21542132/logs/userlogs/application_1550627488499_0001'
removed directory: `/scratch/gshastri/21542132/logs/userlogs'
removed `/scratch/gshastri/21542132/logs/yarn-gshastri-nodemanager-comet-04-41.sdsc.edu.log'
removed `/scratch/gshastri/21542132/logs/hadoop-gshastri-datanode-comet-04-41.sdsc.edu.log'
removed directory: `/scratch/gshastri/21542132/logs'
removed directory: `/scratch/gshastri/21542132/mapred_scratch/nmPrivate'
removed directory: `/scratch/gshastri/21542132/mapred_scratch/usercache/gshastri/filecache'
removed directory: `/scratch/gshastri/21542132/mapred_scratch/usercache/gshastri/appcache'
removed directory: `/scratch/gshastri/21542132/mapred_scratch/usercache/gshastri'
removed directory: `/scratch/gshastri/21542132/mapred_scratch/usercache'
removed directory: `/scratch/gshastri/21542132/mapred_scratch/filecache'
removed directory: `/scratch/gshastri/21542132/mapred_scratch'
removed `/scratch/gshastri/21542132/hdfs_data/current/BP-296457249-198.202.118.78-1550627470562/dncp_block_verification.log.curr'
removed directory: `/scratch/gshastri/21542132/hdfs_data/current/BP-296457249-198.202.118.78-1550627470562/tmp'
removed `/scratch/gshastri/21542132/hdfs_data/current/BP-296457249-198.202.118.78-1550627470562/dncp_block_verification.log.prev'
removed `/scratch/gshastri/21542132/hdfs_data/current/BP-296457249-198.202.118.78-1550627470562/current/finalized/subdir0/subdir0/blk_1073741836_1012.meta'
removed `/scratch/gshastri/21542132/hdfs_data/current/BP-296457249-198.202.118.78-1550627470562/current/finalized/subdir0/subdir0/blk_1073741845'
removed `/scratch/gshastri/21542132/hdfs_data/current/BP-296457249-198.202.118.78-1550627470562/current/finalized/subdir0/subdir0/blk_1073741835'
removed `/scratch/gshastri/21542132/hdfs_data/current/BP-296457249-198.202.118.78-1550627470562/current/finalized/subdir0/subdir0/blk_1073741826'
removed `/scratch/gshastri/21542132/hdfs_data/current/BP-296457249-198.202.118.78-1550627470562/current/finalized/subdir0/subdir0/blk_1073741846_1022.meta'
removed `/scratch/gshastri/21542132/hdfs_data/current/BP-296457249-198.202.118.78-1550627470562/current/finalized/subdir0/subdir0/blk_1073741846'
removed `/scratch/gshastri/21542132/hdfs_data/current/BP-296457249-198.202.118.78-1550627470562/current/finalized/subdir0/subdir0/blk_1073741825_1001.meta'
removed `/scratch/gshastri/21542132/hdfs_data/current/BP-296457249-198.202.118.78-1550627470562/current/finalized/subdir0/subdir0/blk_1073741836'
removed `/scratch/gshastri/21542132/hdfs_data/current/BP-296457249-198.202.118.78-1550627470562/current/finalized/subdir0/subdir0/blk_1073741825'
removed `/scratch/gshastri/21542132/hdfs_data/current/BP-296457249-198.202.118.78-1550627470562/current/finalized/subdir0/subdir0/blk_1073741843_1019.meta'
removed `/scratch/gshastri/21542132/hdfs_data/current/BP-296457249-198.202.118.78-1550627470562/current/finalized/subdir0/subdir0/blk_1073741834'
removed `/scratch/gshastri/21542132/hdfs_data/current/BP-296457249-198.202.118.78-1550627470562/current/finalized/subdir0/subdir0/blk_1073741843'
removed `/scratch/gshastri/21542132/hdfs_data/current/BP-296457249-198.202.118.78-1550627470562/current/finalized/subdir0/subdir0/blk_1073741844_1020.meta'
removed `/scratch/gshastri/21542132/hdfs_data/current/BP-296457249-198.202.118.78-1550627470562/current/finalized/subdir0/subdir0/blk_1073741835_1011.meta'
removed `/scratch/gshastri/21542132/hdfs_data/current/BP-296457249-198.202.118.78-1550627470562/current/finalized/subdir0/subdir0/blk_1073741844'
removed `/scratch/gshastri/21542132/hdfs_data/current/BP-296457249-198.202.118.78-1550627470562/current/finalized/subdir0/subdir0/blk_1073741834_1010.meta'
removed `/scratch/gshastri/21542132/hdfs_data/current/BP-296457249-198.202.118.78-1550627470562/current/finalized/subdir0/subdir0/blk_1073741826_1002.meta'
removed `/scratch/gshastri/21542132/hdfs_data/current/BP-296457249-198.202.118.78-1550627470562/current/finalized/subdir0/subdir0/blk_1073741845_1021.meta'
removed directory: `/scratch/gshastri/21542132/hdfs_data/current/BP-296457249-198.202.118.78-1550627470562/current/finalized/subdir0/subdir0'
removed directory: `/scratch/gshastri/21542132/hdfs_data/current/BP-296457249-198.202.118.78-1550627470562/current/finalized/subdir0'
removed directory: `/scratch/gshastri/21542132/hdfs_data/current/BP-296457249-198.202.118.78-1550627470562/current/finalized'
removed `/scratch/gshastri/21542132/hdfs_data/current/BP-296457249-198.202.118.78-1550627470562/current/VERSION'
removed `/scratch/gshastri/21542132/hdfs_data/current/BP-296457249-198.202.118.78-1550627470562/current/dfsUsed'
removed directory: `/scratch/gshastri/21542132/hdfs_data/current/BP-296457249-198.202.118.78-1550627470562/current/rbw'
removed directory: `/scratch/gshastri/21542132/hdfs_data/current/BP-296457249-198.202.118.78-1550627470562/current'
removed directory: `/scratch/gshastri/21542132/hdfs_data/current/BP-296457249-198.202.118.78-1550627470562'
removed `/scratch/gshastri/21542132/hdfs_data/current/VERSION'
removed directory: `/scratch/gshastri/21542132/hdfs_data/current'
removed directory: `/scratch/gshastri/21542132/hdfs_data'
removed directory: `/scratch/gshastri/21542132/pids'
removed `/scratch/gshastri/21542132/logs/hadoop-gshastri-datanode-comet-04-43.sdsc.edu.log'
removed `/scratch/gshastri/21542132/logs/SecurityAuth-gshastri.audit'
removed `/scratch/gshastri/21542132/logs/yarn-gshastri-nodemanager-comet-04-43.sdsc.edu.out'
removed `/scratch/gshastri/21542132/logs/hadoop-gshastri-datanode-comet-04-43.sdsc.edu.out'
removed `/scratch/gshastri/21542132/logs/yarn-gshastri-nodemanager-comet-04-43.sdsc.edu.log'
removed `/scratch/gshastri/21542132/logs/userlogs/application_1550627488499_0001/container_1550627488499_0001_01_000001/stderr'
removed `/scratch/gshastri/21542132/logs/userlogs/application_1550627488499_0001/container_1550627488499_0001_01_000001/stdout'
removed `/scratch/gshastri/21542132/logs/userlogs/application_1550627488499_0001/container_1550627488499_0001_01_000001/syslog'
removed directory: `/scratch/gshastri/21542132/logs/userlogs/application_1550627488499_0001/container_1550627488499_0001_01_000001'
removed directory: `/scratch/gshastri/21542132/logs/userlogs/application_1550627488499_0001'
removed directory: `/scratch/gshastri/21542132/logs/userlogs'
removed directory: `/scratch/gshastri/21542132/logs'
removed directory: `/tmp/Jetty_comet.04.40_ibnet_50090_secondary____.lj9agf/jsp'
removed directory: `/tmp/Jetty_comet.04.40_ibnet_50090_secondary____.lj9agf/.active'
removed directory: `/tmp/Jetty_comet.04.40_ibnet_50090_secondary____.lj9agf'
removed directory: `/tmp/Jetty_0_0_0_0_50070_hdfs____w2cu08/jsp'
removed directory: `/tmp/Jetty_0_0_0_0_50070_hdfs____w2cu08/.active'
removed directory: `/tmp/Jetty_0_0_0_0_50070_hdfs____w2cu08'
removed directory: `/tmp/Jetty_0_0_0_0_50075_datanode____hwtdwq_8938937162065314723/jsp'
removed directory: `/tmp/Jetty_0_0_0_0_50075_datanode____hwtdwq_8938937162065314723/.active'
removed directory: `/tmp/Jetty_0_0_0_0_50075_datanode____hwtdwq_8938937162065314723'
